2025-11-09 15:04:00 | INFO | repo=arquillian-phantom-binary | action=commit
2025-05-09 14:38:00 | DEBUG | repo=arquillian-phantom-binary | action=commit
2025-03-25 17:55:00 | DEBUG | repo=arquillian-phantom-binary | action=commit
2025-03-21 18:12:00 | INFO | repo=arquillian-phantom-binary | action=commit
2025-04-06 08:35:00 | INFO | repo=arquillian-phantom-binary | action=commit
2025-08-16 07:07:00 | WARN | repo=arquillian-phantom-binary | action=commit
2025-07-26 11:31:00 | INFO | repo=arquillian-phantom-binary | action=commit
2025-06-23 14:48:00 | INFO | repo=arquillian-phantom-binary | action=commit
2025-05-14 07:00:00 | DEBUG | repo=arquillian-phantom-binary | action=commit
2025-06-17 09:31:00 | DEBUG | repo=arquillian-phantom-binary | action=commit
2025-08-02 08:21:00 | WARN | repo=arquillian-phantom-binary | action=commit
2025-07-10 07:34:00 | DEBUG | repo=arquillian-phantom-binary | action=commit
2025-05-27 17:56:00 | INFO | repo=arquillian-phantom-binary | action=edit | files=2
2025-09-24 07:34:00 | DEBUG | repo=arquillian-phantom-binary | action=edit | files=5
2025-04-08 08:09:00 | WARN | repo=arquillian-phantom-binary | action=commit
2025-06-28 11:31:00 | WARN | repo=arquillian-phantom-binary | action=commit
2025-08-26 14:26:00 | DEBUG | repo=arquillian-phantom-binary | action=commit
2025-03-05 17:28:00 | DEBUG | repo=arquillian-phantom-binary | action=commit
2025-10-04 16:59:00 | WARN | repo=arquillian-phantom-binary | action=commit
2025-11-27 21:06:00 | DEBUG | repo=arquillian-phantom-binary | action=commit
2025-07-27 21:55:00 | INFO | repo=arquillian-phantom-binary | action=commit
2025-08-17 07:38:00 | WARN | repo=arquillian-phantom-binary | action=test | passed=true
2025-10-03 07:46:00 | INFO | repo=arquillian-phantom-binary | action=commit
2025-11-12 10:14:00 | WARN | repo=arquillian-phantom-binary | action=commit
2025-12-24 15:14:00 | WARN | repo=arquillian-phantom-binary | action=commit
2025-08-23 08:03:00 | WARN | repo=arquillian-phantom-binary | action=test | passed=true
2025-12-27 08:07:00 | WARN | repo=arquillian-phantom-binary | action=commit
2025-04-21 21:16:00 | WARN | repo=arquillian-phantom-binary | action=commit
2025-11-10 13:57:00 | DEBUG | repo=arquillian-phantom-binary | action=edit | files=3
2025-01-25 21:12:00 | INFO | repo=arquillian-phantom-binary | action=commit
2025-02-26 19:25:00 | INFO | repo=arquillian-phantom-binary | action=edit | files=5
2025-03-25 14:55:00 | INFO | repo=arquillian-phantom-binary | action=test | passed=true
2025-09-05 08:36:00 | WARN | repo=arquillian-phantom-binary | action=commit
2025-12-20 11:30:00 | DEBUG | repo=arquillian-phantom-binary | action=commit
2025-06-24 17:45:00 | DEBUG | repo=arquillian-phantom-binary | action=test | passed=true
2025-01-24 19:46:00 | INFO | repo=arquillian-phantom-binary | action=commit
2025-06-01 08:57:00 | DEBUG | repo=arquillian-phantom-binary | action=test | passed=true
2025-08-26 14:24:00 | DEBUG | repo=arquillian-phantom-binary | action=pull
2025-06-19 19:27:00 | INFO | repo=arquillian-phantom-binary | action=edit | files=4
2025-02-23 11:42:00 | INFO | repo=arquillian-phantom-binary | action=commit
2025-07-10 14:55:00 | DEBUG | repo=arquillian-phantom-binary | action=commit
2025-05-03 19:17:00 | DEBUG | repo=arquillian-phantom-binary | action=commit
2025-06-19 18:58:00 | INFO | repo=arquillian-phantom-binary | action=commit
2025-06-23 13:14:00 | INFO | repo=arquillian-phantom-binary | action=edit | files=4
2025-11-04 15:19:00 | INFO | repo=arquillian-phantom-binary | action=commit
2025-05-21 08:57:00 | DEBUG | repo=arquillian-phantom-binary | action=commit
2025-06-12 19:30:00 | INFO | repo=arquillian-phantom-binary | action=commit
2025-11-27 21:06:00 | WARN | repo=arquillian-phantom-binary | action=commit
2025-08-04 19:17:00 | INFO | repo=arquillian-phantom-binary | action=commit
2025-10-17 20:32:00 | WARN | repo=arquillian-phantom-binary | action=commit
2025-01-08 12:13:00 | DEBUG | repo=arquillian-phantom-binary | action=pull
2025-09-22 10:19:00 | INFO | repo=arquillian-phantom-binary | action=commit
2025-12-15 20:31:00 | WARN | repo=arquillian-phantom-binary | action=edit | files=1
2025-12-24 12:06:00 | WARN | repo=arquillian-phantom-binary | action=commit
2025-06-20 21:48:00 | INFO | repo=arquillian-phantom-binary | action=commit
2025-05-19 14:19:00 | DEBUG | repo=arquillian-phantom-binary | action=commit
2025-04-03 09:18:00 | INFO | repo=arquillian-phantom-binary | action=commit
2025-03-06 15:24:00 | WARN | repo=arquillian-phantom-binary | action=commit
2025-01-21 09:16:00 | INFO | repo=arquillian-phantom-binary | action=pull
2025-07-25 07:41:00 | DEBUG | repo=arquillian-phantom-binary | action=commit
2025-10-25 07:40:00 | INFO | repo=arquillian-phantom-binary | action=commit
2025-12-06 17:28:00 | INFO | repo=arquillian-phantom-binary | action=commit
2025-02-20 08:59:00 | DEBUG | repo=arquillian-phantom-binary | action=commit
2025-09-07 16:55:00 | WARN | repo=arquillian-phantom-binary | action=commit
2025-12-24 13:11:00 | WARN | repo=arquillian-phantom-binary | action=commit
2025-04-03 08:32:00 | DEBUG | repo=arquillian-phantom-binary | action=commit
2025-09-08 14:24:00 | WARN | repo=arquillian-phantom-binary | action=commit
2025-04-06 09:57:00 | INFO | repo=arquillian-phantom-binary | action=commit
2025-06-13 21:22:00 | DEBUG | repo=arquillian-phantom-binary | action=commit
2025-05-27 14:36:00 | WARN | repo=arquillian-phantom-binary | action=commit
2025-06-10 18:41:00 | INFO | repo=arquillian-phantom-binary | action=pull
2025-07-21 15:27:00 | DEBUG | repo=arquillian-phantom-binary | action=commit
2025-01-20 12:28:00 | DEBUG | repo=arquillian-phantom-binary | action=commit
2025-02-19 16:46:00 | DEBUG | repo=arquillian-phantom-binary | action=commit
2025-07-22 18:41:00 | INFO | repo=arquillian-phantom-binary | action=commit
2025-11-09 20:07:00 | INFO | repo=arquillian-phantom-binary | action=commit
2025-03-02 12:54:00 | DEBUG | repo=arquillian-phantom-binary | action=commit
2025-01-16 19:03:00 | DEBUG | repo=arquillian-phantom-binary | action=pull
2025-08-01 11:22:00 | WARN | repo=arquillian-phantom-binary | action=commit
2025-12-06 07:26:00 | INFO | repo=arquillian-phantom-binary | action=commit
2025-08-13 08:46:00 | WARN | repo=arquillian-phantom-binary | action=commit
2025-05-23 12:54:00 | WARN | repo=arquillian-phantom-binary | action=commit
2025-10-05 10:37:00 | INFO | repo=arquillian-phantom-binary | action=commit
2025-05-19 10:02:00 | DEBUG | repo=arquillian-phantom-binary | action=commit
2025-12-03 13:26:00 | INFO | repo=arquillian-phantom-binary | action=commit
2025-05-17 08:47:00 | INFO | repo=arquillian-phantom-binary | action=commit
2025-03-22 11:51:00 | WARN | repo=arquillian-phantom-binary | action=commit
2025-06-02 19:09:00 | DEBUG | repo=arquillian-phantom-binary | action=commit
2025-06-14 19:34:00 | WARN | repo=arquillian-phantom-binary | action=commit
2025-10-25 18:08:00 | DEBUG | repo=arquillian-phantom-binary | action=commit
